<?xml version="1.0" encoding="UTF-8"?>
<testsuite name="com.rk.action.student.StudentActionTest" tests="2" skipped="0" failures="0" errors="0" timestamp="2016-08-25T09:04:32" hostname="IN-HSI10" time="0.029">
  <properties/>
  <testcase name="testValidationwithIncorrect" classname="com.rk.action.student.StudentActionTest" time="0.016"/>
  <testcase name="testValidationwithCorrect" classname="com.rk.action.student.StudentActionTest" time="0.012"/>
  <system-out><![CDATA[Hibernate: insert into STUDENT (SID, SEMAIL, SNAME) values (default, ?, ?)
]]></system-out>
  <system-err><![CDATA[[Test worker] WARN org.springframework.mock.web.MockServletContext - Couldn't determine real path of resource class path resource [org/apache/struts2/dispatcher/error.ftl]
java.io.FileNotFoundException: class path resource [org/apache/struts2/dispatcher/error.ftl] cannot be resolved to absolute file path because it does not reside in the file system: jar:file:/C:/Users/rsreeper/.gradle/caches/modules-2/files-2.1/org.apache.struts/struts2-core/2.5.2/32234115137327232773d7ded237555dc476c185/struts2-core-2.5.2.jar!/org/apache/struts2/dispatcher/error.ftl
	at org.springframework.util.ResourceUtils.getFile(ResourceUtils.java:212)
	at org.springframework.core.io.AbstractFileResolvingResource.getFile(AbstractFileResolvingResource.java:52)
	at org.springframework.mock.web.MockServletContext.getRealPath(MockServletContext.java:461)
	at freemarker.cache.WebappTemplateLoader.findTemplateSource(WebappTemplateLoader.java:101)
	at freemarker.cache.MultiTemplateLoader.findTemplateSource(MultiTemplateLoader.java:62)
	at org.apache.struts2.views.freemarker.FreemarkerThemeTemplateLoader.findTemplateSource(FreemarkerThemeTemplateLoader.java:39)
	at freemarker.cache.TemplateCache.findTemplateSource(TemplateCache.java:742)
	at freemarker.cache.TemplateCache.lookupTemplateWithAcquisitionStrategy(TemplateCache.java:695)
	at freemarker.cache.TemplateCache.access$500(TemplateCache.java:54)
	at freemarker.cache.TemplateCache$TemplateCacheTemplateLookupContext.lookupWithAcquisitionStrategy(TemplateCache.java:874)
	at freemarker.cache.TemplateCache$TemplateCacheTemplateLookupContext.lookupWithLocalizedThenAcquisitionStrategy(TemplateCache.java:881)
	at freemarker.cache.TemplateLookupStrategy$Default020300.lookup(TemplateLookupStrategy.java:101)
	at freemarker.cache.TemplateCache.lookupTemplate(TemplateCache.java:681)
	at freemarker.cache.TemplateCache.getTemplate(TemplateCache.java:343)
	at freemarker.cache.TemplateCache.getTemplate(TemplateCache.java:261)
	at freemarker.template.Configuration.getTemplate(Configuration.java:1786)
	at freemarker.template.Configuration.getTemplate(Configuration.java:1646)
	at org.apache.struts2.dispatcher.DefaultDispatcherErrorHandler.init(DefaultDispatcherErrorHandler.java:49)
	at org.apache.struts2.dispatcher.Dispatcher.init(Dispatcher.java:487)
	at com.rk.action.course.StrutsConventionSpringJUnit4TestCase.initDispatcher(StrutsConventionSpringJUnit4TestCase.java:97)
	at sun.reflect.NativeMethodAccessorImpl.invoke0(Native Method)
	at sun.reflect.NativeMethodAccessorImpl.invoke(NativeMethodAccessorImpl.java:62)
	at sun.reflect.DelegatingMethodAccessorImpl.invoke(DelegatingMethodAccessorImpl.java:43)
	at java.lang.reflect.Method.invoke(Method.java:498)
	at org.junit.runners.model.FrameworkMethod$1.runReflectiveCall(FrameworkMethod.java:50)
	at org.junit.internal.runners.model.ReflectiveCallable.run(ReflectiveCallable.java:12)
	at org.junit.runners.model.FrameworkMethod.invokeExplosively(FrameworkMethod.java:47)
	at org.junit.internal.runners.statements.RunBefores.evaluate(RunBefores.java:24)
	at org.junit.runners.ParentRunner.runLeaf(ParentRunner.java:325)
	at org.junit.runners.BlockJUnit4ClassRunner.runChild(BlockJUnit4ClassRunner.java:78)
	at org.junit.runners.BlockJUnit4ClassRunner.runChild(BlockJUnit4ClassRunner.java:57)
	at org.junit.runners.ParentRunner$3.run(ParentRunner.java:290)
	at org.junit.runners.ParentRunner$1.schedule(ParentRunner.java:71)
	at org.junit.runners.ParentRunner.runChildren(ParentRunner.java:288)
	at org.junit.runners.ParentRunner.access$000(ParentRunner.java:58)
	at org.junit.runners.ParentRunner$2.evaluate(ParentRunner.java:268)
	at org.junit.internal.runners.statements.RunBefores.evaluate(RunBefores.java:26)
	at org.junit.runners.ParentRunner.run(ParentRunner.java:363)
	at org.gradle.api.internal.tasks.testing.junit.JUnitTestClassExecuter.runTestClass(JUnitTestClassExecuter.java:112)
	at org.gradle.api.internal.tasks.testing.junit.JUnitTestClassExecuter.execute(JUnitTestClassExecuter.java:56)
	at org.gradle.api.internal.tasks.testing.junit.JUnitTestClassProcessor.processTestClass(JUnitTestClassProcessor.java:66)
	at org.gradle.api.internal.tasks.testing.SuiteTestClassProcessor.processTestClass(SuiteTestClassProcessor.java:51)
	at sun.reflect.NativeMethodAccessorImpl.invoke0(Native Method)
	at sun.reflect.NativeMethodAccessorImpl.invoke(NativeMethodAccessorImpl.java:62)
	at sun.reflect.DelegatingMethodAccessorImpl.invoke(DelegatingMethodAccessorImpl.java:43)
	at java.lang.reflect.Method.invoke(Method.java:498)
	at org.gradle.messaging.dispatch.ReflectionDispatch.dispatch(ReflectionDispatch.java:35)
	at org.gradle.messaging.dispatch.ReflectionDispatch.dispatch(ReflectionDispatch.java:24)
	at org.gradle.messaging.dispatch.ContextClassLoaderDispatch.dispatch(ContextClassLoaderDispatch.java:32)
	at org.gradle.messaging.dispatch.ProxyDispatchAdapter$DispatchingInvocationHandler.invoke(ProxyDispatchAdapter.java:93)
	at com.sun.proxy.$Proxy2.processTestClass(Unknown Source)
	at org.gradle.api.internal.tasks.testing.worker.TestWorker.processTestClass(TestWorker.java:109)
	at sun.reflect.NativeMethodAccessorImpl.invoke0(Native Method)
	at sun.reflect.NativeMethodAccessorImpl.invoke(NativeMethodAccessorImpl.java:62)
	at sun.reflect.DelegatingMethodAccessorImpl.invoke(DelegatingMethodAccessorImpl.java:43)
	at java.lang.reflect.Method.invoke(Method.java:498)
	at org.gradle.messaging.dispatch.ReflectionDispatch.dispatch(ReflectionDispatch.java:35)
	at org.gradle.messaging.dispatch.ReflectionDispatch.dispatch(ReflectionDispatch.java:24)
	at org.gradle.messaging.remote.internal.hub.MessageHub$Handler.run(MessageHub.java:364)
	at org.gradle.internal.concurrent.ExecutorPolicy$CatchAndRecordFailures.onExecute(ExecutorPolicy.java:54)
	at org.gradle.internal.concurrent.StoppableExecutorImpl$1.run(StoppableExecutorImpl.java:40)
	at java.util.concurrent.ThreadPoolExecutor.runWorker(ThreadPoolExecutor.java:1142)
	at java.util.concurrent.ThreadPoolExecutor$Worker.run(ThreadPoolExecutor.java:617)
	at java.lang.Thread.run(Thread.java:745)
[Test worker] WARN org.springframework.mock.web.MockServletContext - Couldn't determine real path of resource class path resource [org/apache/struts2/dispatcher/error.ftl]
java.io.FileNotFoundException: class path resource [org/apache/struts2/dispatcher/error.ftl] cannot be resolved to absolute file path because it does not reside in the file system: jar:file:/C:/Users/rsreeper/.gradle/caches/modules-2/files-2.1/org.apache.struts/struts2-core/2.5.2/32234115137327232773d7ded237555dc476c185/struts2-core-2.5.2.jar!/org/apache/struts2/dispatcher/error.ftl
	at org.springframework.util.ResourceUtils.getFile(ResourceUtils.java:212)
	at org.springframework.core.io.AbstractFileResolvingResource.getFile(AbstractFileResolvingResource.java:52)
	at org.springframework.mock.web.MockServletContext.getRealPath(MockServletContext.java:461)
	at freemarker.cache.WebappTemplateLoader.findTemplateSource(WebappTemplateLoader.java:101)
	at freemarker.cache.MultiTemplateLoader.findTemplateSource(MultiTemplateLoader.java:62)
	at org.apache.struts2.views.freemarker.FreemarkerThemeTemplateLoader.findTemplateSource(FreemarkerThemeTemplateLoader.java:39)
	at freemarker.cache.TemplateCache.findTemplateSource(TemplateCache.java:742)
	at freemarker.cache.TemplateCache.lookupTemplateWithAcquisitionStrategy(TemplateCache.java:695)
	at freemarker.cache.TemplateCache.access$500(TemplateCache.java:54)
	at freemarker.cache.TemplateCache$TemplateCacheTemplateLookupContext.lookupWithAcquisitionStrategy(TemplateCache.java:874)
	at freemarker.cache.TemplateCache$TemplateCacheTemplateLookupContext.lookupWithLocalizedThenAcquisitionStrategy(TemplateCache.java:881)
	at freemarker.cache.TemplateLookupStrategy$Default020300.lookup(TemplateLookupStrategy.java:101)
	at freemarker.cache.TemplateCache.lookupTemplate(TemplateCache.java:681)
	at freemarker.cache.TemplateCache.getTemplate(TemplateCache.java:343)
	at freemarker.cache.TemplateCache.getTemplate(TemplateCache.java:261)
	at freemarker.template.Configuration.getTemplate(Configuration.java:1786)
	at freemarker.template.Configuration.getTemplate(Configuration.java:1646)
	at org.apache.struts2.dispatcher.DefaultDispatcherErrorHandler.init(DefaultDispatcherErrorHandler.java:49)
	at org.apache.struts2.dispatcher.Dispatcher.init(Dispatcher.java:487)
	at com.rk.action.course.StrutsConventionSpringJUnit4TestCase.initDispatcher(StrutsConventionSpringJUnit4TestCase.java:97)
	at sun.reflect.NativeMethodAccessorImpl.invoke0(Native Method)
	at sun.reflect.NativeMethodAccessorImpl.invoke(NativeMethodAccessorImpl.java:62)
	at sun.reflect.DelegatingMethodAccessorImpl.invoke(DelegatingMethodAccessorImpl.java:43)
	at java.lang.reflect.Method.invoke(Method.java:498)
	at org.junit.runners.model.FrameworkMethod$1.runReflectiveCall(FrameworkMethod.java:50)
	at org.junit.internal.runners.model.ReflectiveCallable.run(ReflectiveCallable.java:12)
	at org.junit.runners.model.FrameworkMethod.invokeExplosively(FrameworkMethod.java:47)
	at org.junit.internal.runners.statements.RunBefores.evaluate(RunBefores.java:24)
	at org.junit.runners.ParentRunner.runLeaf(ParentRunner.java:325)
	at org.junit.runners.BlockJUnit4ClassRunner.runChild(BlockJUnit4ClassRunner.java:78)
	at org.junit.runners.BlockJUnit4ClassRunner.runChild(BlockJUnit4ClassRunner.java:57)
	at org.junit.runners.ParentRunner$3.run(ParentRunner.java:290)
	at org.junit.runners.ParentRunner$1.schedule(ParentRunner.java:71)
	at org.junit.runners.ParentRunner.runChildren(ParentRunner.java:288)
	at org.junit.runners.ParentRunner.access$000(ParentRunner.java:58)
	at org.junit.runners.ParentRunner$2.evaluate(ParentRunner.java:268)
	at org.junit.internal.runners.statements.RunBefores.evaluate(RunBefores.java:26)
	at org.junit.runners.ParentRunner.run(ParentRunner.java:363)
	at org.gradle.api.internal.tasks.testing.junit.JUnitTestClassExecuter.runTestClass(JUnitTestClassExecuter.java:112)
	at org.gradle.api.internal.tasks.testing.junit.JUnitTestClassExecuter.execute(JUnitTestClassExecuter.java:56)
	at org.gradle.api.internal.tasks.testing.junit.JUnitTestClassProcessor.processTestClass(JUnitTestClassProcessor.java:66)
	at org.gradle.api.internal.tasks.testing.SuiteTestClassProcessor.processTestClass(SuiteTestClassProcessor.java:51)
	at sun.reflect.NativeMethodAccessorImpl.invoke0(Native Method)
	at sun.reflect.NativeMethodAccessorImpl.invoke(NativeMethodAccessorImpl.java:62)
	at sun.reflect.DelegatingMethodAccessorImpl.invoke(DelegatingMethodAccessorImpl.java:43)
	at java.lang.reflect.Method.invoke(Method.java:498)
	at org.gradle.messaging.dispatch.ReflectionDispatch.dispatch(ReflectionDispatch.java:35)
	at org.gradle.messaging.dispatch.ReflectionDispatch.dispatch(ReflectionDispatch.java:24)
	at org.gradle.messaging.dispatch.ContextClassLoaderDispatch.dispatch(ContextClassLoaderDispatch.java:32)
	at org.gradle.messaging.dispatch.ProxyDispatchAdapter$DispatchingInvocationHandler.invoke(ProxyDispatchAdapter.java:93)
	at com.sun.proxy.$Proxy2.processTestClass(Unknown Source)
	at org.gradle.api.internal.tasks.testing.worker.TestWorker.processTestClass(TestWorker.java:109)
	at sun.reflect.NativeMethodAccessorImpl.invoke0(Native Method)
	at sun.reflect.NativeMethodAccessorImpl.invoke(NativeMethodAccessorImpl.java:62)
	at sun.reflect.DelegatingMethodAccessorImpl.invoke(DelegatingMethodAccessorImpl.java:43)
	at java.lang.reflect.Method.invoke(Method.java:498)
	at org.gradle.messaging.dispatch.ReflectionDispatch.dispatch(ReflectionDispatch.java:35)
	at org.gradle.messaging.dispatch.ReflectionDispatch.dispatch(ReflectionDispatch.java:24)
	at org.gradle.messaging.remote.internal.hub.MessageHub$Handler.run(MessageHub.java:364)
	at org.gradle.internal.concurrent.ExecutorPolicy$CatchAndRecordFailures.onExecute(ExecutorPolicy.java:54)
	at org.gradle.internal.concurrent.StoppableExecutorImpl$1.run(StoppableExecutorImpl.java:40)
	at java.util.concurrent.ThreadPoolExecutor.runWorker(ThreadPoolExecutor.java:1142)
	at java.util.concurrent.ThreadPoolExecutor$Worker.run(ThreadPoolExecutor.java:617)
	at java.lang.Thread.run(Thread.java:745)
]]></system-err>
</testsuite>
